Determining if the pthread_create exist failed with the following output:
Change Dir: /home/stereye/pavo_ws/build/CMakeFiles/CMakeTmp

Run Build Command:"/usr/bin/make" "cmTC_1f86d/fast"
/usr/bin/make -f CMakeFiles/cmTC_1f86d.dir/build.make CMakeFiles/cmTC_1f86d.dir/build
make[1]: Entering directory '/home/stereye/pavo_ws/build/CMakeFiles/CMakeTmp'
Building C object CMakeFiles/cmTC_1f86d.dir/CheckSymbolExists.c.o
/usr/bin/cc    -o CMakeFiles/cmTC_1f86d.dir/CheckSymbolExists.c.o   -c /home/stereye/pavo_ws/build/CMakeFiles/CMakeTmp/CheckSymbolExists.c
Linking C executable cmTC_1f86d
/usr/bin/cmake -E cmake_link_script CMakeFiles/cmTC_1f86d.dir/link.txt --verbose=1
/usr/bin/cc      -rdynamic CMakeFiles/cmTC_1f86d.dir/CheckSymbolExists.c.o  -o cmTC_1f86d 
CMakeFiles/cmTC_1f86d.dir/CheckSymbolExists.c.o: In function `main':
CheckSymbolExists.c:(.text+0x14): undefined reference to `pthread_create'
CheckSymbolExists.c:(.text+0x18): undefined reference to `pthread_create'
collect2: error: ld returned 1 exit status
CMakeFiles/cmTC_1f86d.dir/build.make:97: recipe for target 'cmTC_1f86d' failed
make[1]: *** [cmTC_1f86d] Error 1
make[1]: Leaving directory '/home/stereye/pavo_ws/build/CMakeFiles/CMakeTmp'
Makefile:126: recipe for target 'cmTC_1f86d/fast' failed
make: *** [cmTC_1f86d/fast] Error 2

File /home/stereye/pavo_ws/build/CMakeFiles/CMakeTmp/CheckSymbolExists.c:
/* */
#include <pthread.h>

int main(int argc, char** argv)
{
  (void)argv;
#ifndef pthread_create
  return ((int*)(&pthread_create))[argc];
#else
  (void)argc;
  return 0;
#endif
}

Determining if the function pthread_create exists in the pthreads failed with the following output:
Change Dir: /home/stereye/pavo_ws/build/CMakeFiles/CMakeTmp

Run Build Command:"/usr/bin/make" "cmTC_361dd/fast"
/usr/bin/make -f CMakeFiles/cmTC_361dd.dir/build.make CMakeFiles/cmTC_361dd.dir/build
make[1]: Entering directory '/home/stereye/pavo_ws/build/CMakeFiles/CMakeTmp'
Building C object CMakeFiles/cmTC_361dd.dir/CheckFunctionExists.c.o
/usr/bin/cc   -DCHECK_FUNCTION_EXISTS=pthread_create   -o CMakeFiles/cmTC_361dd.dir/CheckFunctionExists.c.o   -c /usr/share/cmake-3.10/Modules/CheckFunctionExists.c
Linking C executable cmTC_361dd
/usr/bin/cmake -E cmake_link_script CMakeFiles/cmTC_361dd.dir/link.txt --verbose=1
/usr/bin/cc  -DCHECK_FUNCTION_EXISTS=pthread_create    -rdynamic CMakeFiles/cmTC_361dd.dir/CheckFunctionExists.c.o  -o cmTC_361dd -lpthreads 
/usr/bin/ld: cannot find -lpthreads
collect2: error: ld returned 1 exit status
CMakeFiles/cmTC_361dd.dir/build.make:97: recipe for target 'cmTC_361dd' failed
make[1]: *** [cmTC_361dd] Error 1
make[1]: Leaving directory '/home/stereye/pavo_ws/build/CMakeFiles/CMakeTmp'
Makefile:126: recipe for target 'cmTC_361dd/fast' failed
make: *** [cmTC_361dd/fast] Error 2


